<?xml version="1.0" encoding="UTF-8"?>
<!-- Generated by org.testng.reporters.JUnitReportReporter -->
<testsuite hostname="KAI-DT136" name="com.SchoolOfDragons.LiveMembershipPageChecks.TestCase1" tests="1" failures="0" timestamp="17 May 2016 07:09:54 GMT" time="72.630" errors="0">
  <testcase name="ValidAuthorisedPlayerLogin" time="72.630" classname="com.SchoolOfDragons.LiveMembershipPageChecks.TestCase1"/>
</testsuite> <!-- com.SchoolOfDragons.LiveMembershipPageChecks.TestCase1 -->
