<?xml version="1.0" encoding="UTF-8"?>
<!-- Generated by org.testng.reporters.JUnitReportReporter -->
<testsuite hostname="KAI-DT136" name="com.SchoolOfDragons.LiveMembershipPageChecks.TestCase12" tests="1" failures="0" timestamp="17 May 2016 14:04:03 GMT" time="97.834" errors="0">
  <testcase name="ValidAuthorisedPlayerLogin" time="97.834" classname="com.SchoolOfDragons.LiveMembershipPageChecks.TestCase12"/>
</testsuite> <!-- com.SchoolOfDragons.LiveMembershipPageChecks.TestCase12 -->
