<?xml version="1.0" encoding="UTF-8"?>
<!-- Generated by org.testng.reporters.JUnitReportReporter -->
<testsuite hostname="KAI-DT136" name="com.SchoolOfDragons.LiveMembershipPageChecks.TestCase1" tests="1" failures="0" timestamp="23 May 2016 06:52:01 GMT" time="64.419" errors="0">
  <testcase name="ValidAuthorisedPlayerLogin" time="64.419" classname="com.SchoolOfDragons.LiveMembershipPageChecks.TestCase1"/>
</testsuite> <!-- com.SchoolOfDragons.LiveMembershipPageChecks.TestCase1 -->
