<?xml version="1.0" encoding="UTF-8"?>
<!-- Generated by org.testng.reporters.JUnitReportReporter -->
<testsuite hostname="KAI-DT136" name="com.SchoolOfDragons.LiveMembershipPageChecks.TestCase8" tests="1" failures="0" timestamp="17 May 2016 12:26:00 GMT" time="96.713" errors="0">
  <testcase name="ValidAuthorisedPlayerLogin" time="96.713" classname="com.SchoolOfDragons.LiveMembershipPageChecks.TestCase8"/>
</testsuite> <!-- com.SchoolOfDragons.LiveMembershipPageChecks.TestCase8 -->
