<?xml version="1.0" encoding="UTF-8"?>
<!-- Generated by org.testng.reporters.JUnitReportReporter -->
<testsuite hostname="DESKTOP-J13P4A7" name="com.SchoolOfDragons.LiveMembershipPageChecks.TestCase9" tests="1" failures="0" timestamp="8 May 2016 11:42:16 GMT" time="641.263" errors="0">
  <testcase name="ValidAuthorisedPlayerLogin" time="641.263" classname="com.SchoolOfDragons.LiveMembershipPageChecks.TestCase9"/>
</testsuite> <!-- com.SchoolOfDragons.LiveMembershipPageChecks.TestCase9 -->
