<?xml version="1.0" encoding="UTF-8"?>
<!-- Generated by org.testng.reporters.JUnitReportReporter -->
<testsuite hostname="DESKTOP-J13P4A7" name="com.SchoolOfDragons.LiveMembershipPageChecks.TestCase9" tests="1" failures="0" timestamp="7 May 2016 14:08:40 GMT" time="518.910" errors="0">
  <testcase name="ValidAuthorisedPlayerLogin" time="518.910" classname="com.SchoolOfDragons.LiveMembershipPageChecks.TestCase9"/>
</testsuite> <!-- com.SchoolOfDragons.LiveMembershipPageChecks.TestCase9 -->
