<?xml version="1.0" encoding="UTF-8"?>
<!-- Generated by org.testng.reporters.JUnitReportReporter -->
<testsuite hostname="KAI-DT136" name="com.SchoolOfDragons.LiveMembershipPageChecks.TestCase12" tests="1" failures="0" timestamp="23 May 2016 07:44:42 GMT" time="88.630" errors="0">
  <testcase name="ValidAuthorisedPlayerLogin" time="88.630" classname="com.SchoolOfDragons.LiveMembershipPageChecks.TestCase12"/>
</testsuite> <!-- com.SchoolOfDragons.LiveMembershipPageChecks.TestCase12 -->
