<?xml version="1.0" encoding="UTF-8"?>
<!-- Generated by org.testng.reporters.JUnitReportReporter -->
<testsuite hostname="KAI-DT136" name="com.SchoolOfDragons.LiveMembershipPageChecks.TestCase13" tests="1" failures="0" timestamp="23 May 2016 07:44:42 GMT" time="86.528" errors="0">
  <testcase name="ValidAuthorisedPlayerLogin" time="86.528" classname="com.SchoolOfDragons.LiveMembershipPageChecks.TestCase13"/>
</testsuite> <!-- com.SchoolOfDragons.LiveMembershipPageChecks.TestCase13 -->
