<?xml version="1.0" encoding="UTF-8"?>
<!-- Generated by org.testng.reporters.JUnitReportReporter -->
<testsuite hostname="KAI-DT136" name="com.SchoolOfDragons.LiveMembershipPageChecks.TestCase5" tests="1" failures="0" timestamp="17 May 2016 13:39:44 GMT" time="155.470" errors="0">
  <testcase name="ValidAuthorisedPlayerLogin" time="155.470" classname="com.SchoolOfDragons.LiveMembershipPageChecks.TestCase5"/>
</testsuite> <!-- com.SchoolOfDragons.LiveMembershipPageChecks.TestCase5 -->
