<?xml version="1.0" encoding="UTF-8"?>
<!-- Generated by org.testng.reporters.JUnitReportReporter -->
<testsuite hostname="KAI-DT136" name="com.SchoolOfDragons.LiveMembershipPageChecks.TestCase10" tests="1" failures="0" timestamp="17 May 2016 14:04:03 GMT" time="103.040" errors="0">
  <testcase name="ValidAuthorisedPlayerLogin" time="103.040" classname="com.SchoolOfDragons.LiveMembershipPageChecks.TestCase10"/>
</testsuite> <!-- com.SchoolOfDragons.LiveMembershipPageChecks.TestCase10 -->
