<?xml version="1.0" encoding="UTF-8"?>
<!-- Generated by org.testng.reporters.JUnitReportReporter -->
<testsuite hostname="KAI-DT136" name="com.SchoolOfDragons.LiveMembershipPageChecks.TestCase6" tests="1" failures="0" timestamp="23 May 2016 08:09:02 GMT" time="88.449" errors="0">
  <testcase name="ValidAuthorisedPlayerLogin" time="88.449" classname="com.SchoolOfDragons.LiveMembershipPageChecks.TestCase6"/>
</testsuite> <!-- com.SchoolOfDragons.LiveMembershipPageChecks.TestCase6 -->
