<?xml version="1.0" encoding="UTF-8"?>
<!-- Generated by org.testng.reporters.JUnitReportReporter -->
<testsuite hostname="KAI-DT136" name="com.SchoolOfDragons.LiveMembershipPageChecks.TestCase9" tests="1" failures="0" timestamp="10 May 2016 09:01:49 GMT" time="602.659" errors="0">
  <testcase name="ValidAuthorisedPlayerLogin" time="602.659" classname="com.SchoolOfDragons.LiveMembershipPageChecks.TestCase9"/>
</testsuite> <!-- com.SchoolOfDragons.LiveMembershipPageChecks.TestCase9 -->
