<?xml version="1.0" encoding="UTF-8"?>
<!-- Generated by org.testng.reporters.JUnitReportReporter -->
<testsuite hostname="KAI-DT136" name="com.SchoolOfDragons.LiveMembershipPageChecks.TestCase3" tests="1" failures="0" timestamp="23 May 2016 08:37:37 GMT" time="119.571" errors="0">
  <testcase name="ValidAuthorisedPlayerLogin" time="119.571" classname="com.SchoolOfDragons.LiveMembershipPageChecks.TestCase3"/>
</testsuite> <!-- com.SchoolOfDragons.LiveMembershipPageChecks.TestCase3 -->
