<?xml version="1.0" encoding="UTF-8"?>
<!-- Generated by org.testng.reporters.JUnitReportReporter -->
<testsuite hostname="KAI-DT136" name="com.SchoolOfDragons.LiveMembershipPageChecks.TestCase6" tests="1" failures="0" timestamp="19 May 2016 10:10:31 GMT" time="100.881" errors="0">
  <testcase name="ValidAuthorisedPlayerLogin" time="100.881" classname="com.SchoolOfDragons.LiveMembershipPageChecks.TestCase6"/>
</testsuite> <!-- com.SchoolOfDragons.LiveMembershipPageChecks.TestCase6 -->
