<?xml version="1.0" encoding="UTF-8"?>
<!-- Generated by org.testng.reporters.JUnitReportReporter -->
<testsuite hostname="KAI-DT136" name="com.SchoolOfDragons.LiveMembershipPageChecks.TestCase7" tests="1" failures="0" timestamp="17 May 2016 12:26:00 GMT" time="97.097" errors="0">
  <testcase name="ValidAuthorisedPlayerLogin" time="97.097" classname="com.SchoolOfDragons.LiveMembershipPageChecks.TestCase7"/>
</testsuite> <!-- com.SchoolOfDragons.LiveMembershipPageChecks.TestCase7 -->
