<?xml version="1.0" encoding="UTF-8"?>
<!-- Generated by org.testng.reporters.JUnitReportReporter -->
<testsuite hostname="KAI-DT136" name="com.SchoolOfDragons.LiveMembershipPageChecks.TestCase3" tests="1" failures="0" timestamp="17 May 2016 13:39:44 GMT" time="139.566" errors="0">
  <testcase name="ValidAuthorisedPlayerLogin" time="139.566" classname="com.SchoolOfDragons.LiveMembershipPageChecks.TestCase3"/>
</testsuite> <!-- com.SchoolOfDragons.LiveMembershipPageChecks.TestCase3 -->
